<?xml version="1.0" encoding="UTF-8"?>
<!-- Generated by org.testng.reporters.JUnitXMLReporter -->
<testsuite ignored="0" hostname="Abhilash" failures="0" tests="3" name="Default test" time="5.728" errors="0" timestamp="2025-03-02T10:57:34 IST">
  <testcase classname="testCases.Tc01_accountRegrestratintest" name="verify_accountRegrestration" time="0.603"/>
  <testcase classname="testCases.Tc01_accountRegrestratintest" name="verify_accountRegrestration" time="0.502"/>
  <testcase classname="testCases.Tc01_accountRegrestratintest" name="verify_accountRegrestration" time="0.435"/>
</testsuite> <!-- Default test -->
