<?xml version="1.0" encoding="UTF-8"?>
<!-- Generated by org.testng.reporters.JUnitXMLReporter -->
<testsuite ignored="0" hostname="Abhilash" failures="1" tests="1" name="Test" time="2.008" errors="0" timestamp="2025-02-14T21:07:29 IST">
  <testcase classname="testNg.prameterpratices" name="login" time="0.0">
    <failure type="org.testng.TestNGException" message="
Method void testNg.prameterpratices.login(java.lang.String,java.lang.String) requires a @DataProvider named : dp">
      <![CDATA[org.testng.TestNGException: 
Method void testNg.prameterpratices.login(java.lang.String,java.lang.String) requires a @DataProvider named : dp
at java.base/java.util.ArrayList.forEach(ArrayList.java:1597)
... Removed 24 stack frames]]>
    </failure>
  </testcase> <!-- login -->
</testsuite> <!-- Test -->
