<?xml version="1.0" encoding="UTF-8"?>
<testng-results ignored="0" total="3" passed="3" failed="0" skipped="0">
  <reporter-output>
  </reporter-output>
  <suite started-at="2025-03-02T10:57:28 IST" name="Default suite" finished-at="2025-03-02T10:57:34 IST" duration-ms="5728">
    <groups>
    </groups>
    <test started-at="2025-03-02T10:57:28 IST" name="Default test" finished-at="2025-03-02T10:57:34 IST" duration-ms="5728">
      <class name="testCases.Tc01_accountRegrestratintest">
        <test-method is-config="true" signature="Setup(java.lang.String)[pri:0, instance:testCases.Tc01_accountRegrestratintest@10aa41f2]" started-at="2025-03-02T10:57:28 IST" name="Setup" finished-at="2025-03-02T10:57:32 IST" duration-ms="3954" status="PASS">
          <params>
            <param index="0">
              <value>
                <![CDATA[chrome]]>
              </value>
            </param>
          </params>
          <reporter-output>
          </reporter-output>
        </test-method> <!-- Setup -->
        <test-method signature="verify_accountRegrestration(java.lang.String,java.lang.String,java.lang.String,java.lang.String,java.lang.String,java.lang.String)[pri:0, instance:testCases.Tc01_accountRegrestratintest@10aa41f2]" started-at="2025-03-02T10:57:32 IST" name="verify_accountRegrestration" data-provider="userData" finished-at="2025-03-02T10:57:32 IST" duration-ms="603" status="PASS">
          <params>
            <param index="0">
              <value>
                <![CDATA[Abhilash]]>
              </value>
            </param>
            <param index="1">
              <value>
                <![CDATA[Tembhurne]]>
              </value>
            </param>
            <param index="2">
              <value>
                <![CDATA[Pune]]>
              </value>
            </param>
            <param index="3">
              <value>
                <![CDATA[India]]>
              </value>
            </param>
            <param index="4">
              <value>
                <![CDATA[India@2030]]>
              </value>
            </param>
            <param index="5">
              <value>
                <![CDATA[India@2030]]>
              </value>
            </param>
          </params>
          <reporter-output>
          </reporter-output>
        </test-method> <!-- verify_accountRegrestration -->
        <test-method signature="verify_accountRegrestration(java.lang.String,java.lang.String,java.lang.String,java.lang.String,java.lang.String,java.lang.String)[pri:0, instance:testCases.Tc01_accountRegrestratintest@10aa41f2]" started-at="2025-03-02T10:57:32 IST" name="verify_accountRegrestration" data-provider="userData" finished-at="2025-03-02T10:57:33 IST" duration-ms="502" status="PASS">
          <params>
            <param index="0">
              <value>
                <![CDATA[John]]>
              </value>
            </param>
            <param index="1">
              <value>
                <![CDATA[Doe]]>
              </value>
            </param>
            <param index="2">
              <value>
                <![CDATA[Mumbai]]>
              </value>
            </param>
            <param index="3">
              <value>
                <![CDATA[UK]]>
              </value>
            </param>
            <param index="4">
              <value>
                <![CDATA[Password123]]>
              </value>
            </param>
            <param index="5">
              <value>
                <![CDATA[Password123]]>
              </value>
            </param>
          </params>
          <reporter-output>
          </reporter-output>
        </test-method> <!-- verify_accountRegrestration -->
        <test-method signature="verify_accountRegrestration(java.lang.String,java.lang.String,java.lang.String,java.lang.String,java.lang.String,java.lang.String)[pri:0, instance:testCases.Tc01_accountRegrestratintest@10aa41f2]" started-at="2025-03-02T10:57:33 IST" name="verify_accountRegrestration" data-provider="userData" finished-at="2025-03-02T10:57:33 IST" duration-ms="435" status="PASS">
          <params>
            <param index="0">
              <value>
                <![CDATA[Jane]]>
              </value>
            </param>
            <param index="1">
              <value>
                <![CDATA[Smith]]>
              </value>
            </param>
            <param index="2">
              <value>
                <![CDATA[Delhi]]>
              </value>
            </param>
            <param index="3">
              <value>
                <![CDATA[DUbai]]>
              </value>
            </param>
            <param index="4">
              <value>
                <![CDATA[SecurePass2025]]>
              </value>
            </param>
            <param index="5">
              <value>
                <![CDATA[SecurePass2025]]>
              </value>
            </param>
          </params>
          <reporter-output>
          </reporter-output>
        </test-method> <!-- verify_accountRegrestration -->
        <test-method is-config="true" signature="tearDown()[pri:0, instance:testCases.Tc01_accountRegrestratintest@10aa41f2]" started-at="2025-03-02T10:57:33 IST" name="tearDown" finished-at="2025-03-02T10:57:34 IST" duration-ms="188" status="PASS">
          <reporter-output>
          </reporter-output>
        </test-method> <!-- tearDown -->
      </class> <!-- testCases.Tc01_accountRegrestratintest -->
    </test> <!-- Default test -->
  </suite> <!-- Default suite -->
</testng-results>
